2022-04-20 17:03:24 checking_weibo.py[line:92] INFO 请求失败:module 'config' has no attribute 'proxies'
2022-04-20 17:03:24 checking_weibo.py[line:92] INFO 请求失败:module 'config' has no attribute 'proxies'
2022-04-20 17:03:24 checking_weibo.py[line:92] INFO 请求失败:module 'config' has no attribute 'proxies'
2022-04-20 17:03:44 checking_weibo.py[line:92] INFO 请求失败:HTTPSConnectionPool(host='m.weibo.cn', port=443): Max retries exceeded with url: /api/container/getIndex?containerid=1076035733612192_-_WEIBO_SECOND_PROFILE_WEIBO&page_type=03&page=1 (Caused by ProxyError('Cannot connect to proxy.', ConnectionResetError(10054, '远程主机强迫关闭了一个现有的连接。', None, 10054, None)))
2022-04-20 17:04:05 search.py[line:71] INFO 请求失败:module 'config' has no attribute 'proxies'
2022-04-20 17:04:05 search.py[line:71] INFO 请求失败:module 'config' has no attribute 'proxies'
2022-04-20 17:04:05 search.py[line:71] INFO 请求失败:module 'config' has no attribute 'proxies'
2022-04-20 17:04:05 search.py[line:73] INFO 所有urse_name为：{}
2022-04-20 17:04:16 search.py[line:69] INFO 当前页码：1。用户信息为：上海发布
2022-04-20 17:04:16 search.py[line:69] INFO 当前页码：1。用户信息为：证监会发布
2022-04-20 17:04:16 search.py[line:69] INFO 当前页码：1。用户信息为：国防部发布
2022-04-20 17:04:16 search.py[line:69] INFO 当前页码：1。用户信息为：成都发布
2022-04-20 17:04:16 search.py[line:69] INFO 当前页码：1。用户信息为：南京发布
2022-04-20 17:04:16 search.py[line:69] INFO 当前页码：1。用户信息为：北京发布
2022-04-20 17:04:16 search.py[line:69] INFO 当前页码：1。用户信息为：武汉发布
2022-04-20 17:04:16 search.py[line:69] INFO 当前页码：1。用户信息为：公安部儿童失踪信息紧急发布平台
2022-04-20 17:04:16 search.py[line:69] INFO 当前页码：1。用户信息为：四川发布
2022-04-20 17:04:16 search.py[line:69] INFO 当前页码：1。用户信息为：中国广州发布
2022-04-20 17:04:19 search.py[line:69] INFO 当前页码：2。用户信息为：杭州发布
2022-04-20 17:04:19 search.py[line:69] INFO 当前页码：2。用户信息为：海关发布
2022-04-20 17:04:19 search.py[line:69] INFO 当前页码：2。用户信息为：空军发布
2022-04-20 17:04:19 search.py[line:69] INFO 当前页码：2。用户信息为：天津发布
2022-04-20 17:04:19 search.py[line:69] INFO 当前页码：2。用户信息为：云南发布
2022-04-20 17:04:19 search.py[line:69] INFO 当前页码：2。用户信息为：上交所发布
2022-04-20 17:04:19 search.py[line:69] INFO 当前页码：2。用户信息为：重庆发布
2022-04-20 17:04:19 search.py[line:69] INFO 当前页码：2。用户信息为：青岛发布
2022-04-20 17:04:19 search.py[line:69] INFO 当前页码：2。用户信息为：苏州发布
2022-04-20 17:04:19 search.py[line:69] INFO 当前页码：2。用户信息为：深圳微博发布厅
2022-04-20 17:04:19 search.py[line:69] INFO 当前页码：3。用户信息为：无锡发布
2022-04-20 17:04:19 search.py[line:69] INFO 当前页码：3。用户信息为：宁波发布
2022-04-20 17:04:19 search.py[line:69] INFO 当前页码：3。用户信息为：山东发布
2022-04-20 17:04:19 search.py[line:69] INFO 当前页码：3。用户信息为：陕西发布
2022-04-20 17:04:19 search.py[line:69] INFO 当前页码：3。用户信息为：西安发布
2022-04-20 17:04:19 search.py[line:69] INFO 当前页码：3。用户信息为：浙江发布
2022-04-20 17:04:19 search.py[line:69] INFO 当前页码：3。用户信息为：杭州文广旅游发布
2022-04-20 17:04:19 search.py[line:69] INFO 当前页码：3。用户信息为：浦东发布
2022-04-20 17:04:19 search.py[line:69] INFO 当前页码：3。用户信息为：沈阳发布
2022-04-20 17:04:19 search.py[line:69] INFO 当前页码：3。用户信息为：广东发布
2022-04-20 17:04:19 search.py[line:74] INFO 所有urse_name为：{'上海发布': '1076032539961154', '证监会发布': '1076033802136340', '国防部发布': '1076035611549371', '成都发布': '1076031523766213', '南京发布': '1076032097024354', '北京发布': '1076032418724427', '武汉发布': '1076032759348142', '公安部儿童失踪信息紧急发布平台': '1076035918987931', '四川发布': '1076031905843503', '中国广州发布': '1076032605594314', '杭州发布': '1076035211979483', '海关发布': '1076035832321505', '空军发布': '1076035707057078', '天津发布': '1076032489610225', '云南发布': '1076031662558237', '上交所发布': '1076032819043642', '重庆发布': '1076031988438334', '青岛发布': '1076032239082677', '苏州发布': '1076032998045524', '深圳微博发布厅': '1076032892786960', '无锡发布': '1076032696049583', '宁波发布': '1076032568435544', '山东发布': '1076032993099575', '陕西发布': '1076033097688767', '西安发布': '1076033757167087', '浙江发布': '1076035131766197', '杭州文广旅游发布': '1076031789342195', '浦东发布': '1076032557375422', '沈阳发布': '1076032760402625', '广东发布': '1076032775872784'}
2022-04-20 17:04:52 weibo.py[line:136] INFO 微博:安吉发布,时间:2022-04-20 17:00:49
2022-04-20 17:04:52 weibo.py[line:92] INFO 数据重复：安吉发布
2022-04-20 17:04:52 weibo.py[line:92] INFO 数据重复：安吉发布
2022-04-20 17:04:52 weibo.py[line:92] INFO 数据重复：安吉发布
2022-04-20 17:04:52 weibo.py[line:92] INFO 数据重复：安吉发布
2022-04-20 17:04:53 weibo.py[line:92] INFO 数据重复：安吉新闻网
2022-04-20 17:04:53 weibo.py[line:92] INFO 数据重复：安吉新闻网
2022-04-20 17:04:53 weibo.py[line:92] INFO 数据重复：安吉新闻网
2022-04-20 17:04:53 weibo.py[line:92] INFO 数据重复：安吉新闻网
2022-04-20 17:04:53 weibo.py[line:92] INFO 数据重复：安吉新闻网
2022-04-20 17:04:53 weibo.py[line:92] INFO 数据重复：AHTV农业农科全媒体中心
2022-04-20 17:04:53 weibo.py[line:92] INFO 数据重复：AHTV农业农科全媒体中心
2022-04-20 17:04:53 weibo.py[line:92] INFO 数据重复：AHTV农业农科全媒体中心
2022-04-20 17:04:53 weibo.py[line:92] INFO 数据重复：AHTV农业农科全媒体中心
2022-04-20 17:04:53 weibo.py[line:92] INFO 数据重复：AHTV农业农科全媒体中心
2022-04-20 17:04:54 weibo.py[line:92] INFO 数据重复：中国农业银行
2022-04-20 17:04:54 weibo.py[line:92] INFO 数据重复：中国农业银行
2022-04-20 17:04:54 weibo.py[line:92] INFO 数据重复：中国农业银行
2022-04-20 17:04:54 weibo.py[line:92] INFO 数据重复：中国农业银行
2022-04-20 17:04:54 weibo.py[line:92] INFO 数据重复：中国农业银行
2022-04-20 17:04:54 weibo.py[line:92] INFO 数据重复：华中农业大学
2022-04-20 17:04:54 weibo.py[line:136] INFO 微博:华中农业大学,时间:2022-04-20 17:02:26
2022-04-20 17:04:54 weibo.py[line:92] INFO 数据重复：华中农业大学
2022-04-20 17:04:54 weibo.py[line:92] INFO 数据重复：华中农业大学
2022-04-20 17:04:54 weibo.py[line:92] INFO 数据重复：华中农业大学
2022-04-20 17:04:55 weibo.py[line:92] INFO 数据重复：中国农业大学
2022-04-20 17:04:55 weibo.py[line:92] INFO 数据重复：中国农业大学
2022-04-20 17:04:55 weibo.py[line:92] INFO 数据重复：中国农业大学
2022-04-20 17:04:55 weibo.py[line:92] INFO 数据重复：中国农业大学
2022-04-20 17:04:55 weibo.py[line:92] INFO 数据重复：中国农业大学
2022-04-20 17:04:55 weibo.py[line:92] INFO 数据重复：南京农业大学
2022-04-20 17:04:55 weibo.py[line:92] INFO 数据重复：南京农业大学
2022-04-20 17:04:55 weibo.py[line:92] INFO 数据重复：南京农业大学
2022-04-20 17:04:55 weibo.py[line:92] INFO 数据重复：南京农业大学
2022-04-20 17:04:55 weibo.py[line:92] INFO 数据重复：南京农业大学
